TN:
SF:middleware\botProtection.js
FN:9,botProtection
FN:12,(anonymous_1)
FN:20,antiScraping
FNF:3
FNH:0
FNDA:0,botProtection
FNDA:0,(anonymous_1)
FNDA:0,antiScraping
DA:1,0
DA:10,0
DA:11,0
DA:12,0
DA:13,0
DA:15,0
DA:19,0
DA:21,0
DA:22,0
DA:23,0
DA:25,0
DA:26,0
DA:27,0
DA:29,0
DA:31,0
DA:33,0
DA:34,0
DA:36,0
DA:39,0
LF:19
LH:0
BRDA:10,0,0,0
BRDA:10,0,1,0
BRDA:11,1,0,0
BRDA:11,1,1,0
BRDA:12,2,0,0
BRDA:12,2,1,0
BRDA:23,3,0,0
BRDA:23,3,1,0
BRDA:25,4,0,0
BRDA:25,4,1,0
BRDA:33,5,0,0
BRDA:33,5,1,0
BRF:12
BRH:0
end_of_record
TN:
SF:middleware\logger.js
FN:36,(anonymous_0)
FN:38,(anonymous_1)
FN:44,(anonymous_2)
FNF:3
FNH:0
FNDA:0,(anonymous_0)
FNDA:0,(anonymous_1)
FNDA:0,(anonymous_2)
DA:1,0
DA:2,0
DA:3,0
DA:4,0
DA:6,0
DA:7,0
DA:9,0
DA:17,0
DA:36,0
DA:39,0
DA:40,0
DA:41,0
DA:44,0
DA:47,0
DA:50,0
LF:15
LH:0
BRDA:7,0,0,0
BRDA:7,0,1,0
BRDA:39,1,0,0
BRDA:41,2,0,0
BRDA:41,2,1,0
BRDA:42,3,0,0
BRDA:42,3,1,0
BRDA:42,4,0,0
BRDA:42,4,1,0
BRDA:42,5,0,0
BRDA:42,5,1,0
BRDA:43,6,0,0
BRDA:43,6,1,0
BRDA:43,7,0,0
BRDA:43,7,1,0
BRF:15
BRH:0
end_of_record
TN:
SF:middleware\rateLimiter.js
FNF:0
FNH:0
DA:1,0
DA:3,0
DA:11,0
DA:17,0
DA:23,0
DA:29,0
LF:6
LH:0
BRF:0
BRH:0
end_of_record
TN:
SF:middleware\sanitize.js
FN:8,sanitizeHtml
FN:17,sanitizeText
FN:23,safeInt
FN:30,safeId
FN:36,safeStr
FNF:5
FNH:5
FNDA:10,sanitizeHtml
FNDA:11,sanitizeText
FNDA:48,safeInt
FNDA:31,safeId
FNDA:13,safeStr
DA:1,3
DA:2,3
DA:4,3
DA:5,3
DA:9,10
DA:10,7
DA:18,11
DA:19,8
DA:24,48
DA:25,48
DA:26,44
DA:31,31
DA:32,31
DA:37,13
DA:38,9
DA:41,3
LF:16
LH:16
BRDA:9,0,0,3
BRDA:9,0,1,7
BRDA:18,1,0,3
BRDA:18,1,1,8
BRDA:23,2,0,5
BRDA:23,3,0,5
BRDA:25,4,0,4
BRDA:25,4,1,44
BRDA:32,5,0,12
BRDA:32,5,1,19
BRDA:32,6,0,31
BRDA:32,6,1,18
BRDA:36,7,0,7
BRDA:37,8,0,4
BRDA:37,8,1,9
BRF:15
BRH:15
end_of_record
TN:
SF:routes\articles.js
FN:12,(anonymous_0)
FN:21,(anonymous_1)
FN:27,(anonymous_2)
FN:37,(anonymous_3)
FN:41,(anonymous_4)
FNF:5
FNH:0
FNDA:0,(anonymous_0)
FNDA:0,(anonymous_1)
FNDA:0,(anonymous_2)
FNDA:0,(anonymous_3)
FNDA:0,(anonymous_4)
DA:7,0
DA:8,0
DA:9,0
DA:12,0
DA:13,0
DA:14,0
DA:15,0
DA:16,0
DA:18,0
DA:22,0
DA:23,0
DA:24,0
DA:28,0
DA:29,0
DA:37,0
DA:38,0
DA:42,0
DA:43,0
DA:44,0
DA:49,0
LF:20
LH:0
BRDA:13,0,0,0
BRDA:13,0,1,0
BRDA:16,1,0,0
BRDA:16,1,1,0
BRDA:22,2,0,0
BRDA:22,2,1,0
BRDA:28,3,0,0
BRDA:28,3,1,0
BRDA:42,4,0,0
BRDA:42,4,1,0
BRDA:43,5,0,0
BRDA:43,5,1,0
BRF:12
BRH:0
end_of_record
TN:
SF:routes\auth.js
FN:13,(anonymous_0)
FN:15,(anonymous_1)
FN:16,(anonymous_2)
FN:27,(anonymous_3)
FN:33,(anonymous_4)
FN:39,(anonymous_5)
FN:41,(anonymous_6)
FN:57,(anonymous_7)
FN:60,(anonymous_8)
FN:61,(anonymous_9)
FN:63,(anonymous_10)
FN:67,(anonymous_11)
FN:80,(anonymous_12)
FN:84,(anonymous_13)
FNF:14
FNH:0
FNDA:0,(anonymous_0)
FNDA:0,(anonymous_1)
FNDA:0,(anonymous_2)
FNDA:0,(anonymous_3)
FNDA:0,(anonymous_4)
FNDA:0,(anonymous_5)
FNDA:0,(anonymous_6)
FNDA:0,(anonymous_7)
FNDA:0,(anonymous_8)
FNDA:0,(anonymous_9)
FNDA:0,(anonymous_10)
FNDA:0,(anonymous_11)
FNDA:0,(anonymous_12)
FNDA:0,(anonymous_13)
DA:7,0
DA:8,0
DA:9,0
DA:10,0
DA:11,0
DA:13,0
DA:15,0
DA:16,0
DA:17,0
DA:18,0
DA:22,0
DA:23,0
DA:28,0
DA:29,0
DA:30,0
DA:31,0
DA:33,0
DA:34,0
DA:35,0
DA:36,0
DA:40,0
DA:41,0
DA:42,0
DA:43,0
DA:50,0
DA:53,0
DA:55,0
DA:57,0
DA:60,0
DA:61,0
DA:62,0
DA:63,0
DA:67,0
DA:68,0
DA:69,0
DA:76,0
DA:80,0
DA:81,0
DA:82,0
DA:83,0
DA:84,0
DA:85,0
DA:86,0
DA:87,0
DA:91,0
LF:45
LH:0
BRDA:17,0,0,0
BRDA:17,0,1,0
BRDA:18,1,0,0
BRDA:18,1,1,0
BRDA:22,2,0,0
BRDA:22,2,1,0
BRDA:22,3,0,0
BRDA:22,3,1,0
BRDA:26,4,0,0
BRDA:26,4,1,0
BRDA:28,5,0,0
BRDA:28,5,1,0
BRDA:29,6,0,0
BRDA:29,6,1,0
BRDA:30,7,0,0
BRDA:30,7,1,0
BRDA:34,8,0,0
BRDA:34,8,1,0
BRDA:35,9,0,0
BRDA:35,9,1,0
BRDA:40,10,0,0
BRDA:40,10,1,0
BRDA:42,11,0,0
BRDA:42,11,1,0
BRDA:62,12,0,0
BRDA:62,12,1,0
BRDA:68,13,0,0
BRDA:68,13,1,0
BRDA:81,14,0,0
BRDA:81,14,1,0
BRDA:83,15,0,0
BRDA:83,15,1,0
BRDA:85,16,0,0
BRDA:85,16,1,0
BRF:34
BRH:0
end_of_record
TN:
SF:routes\checklist.js
FN:7,requireAuth
FN:13,(anonymous_1)
FN:16,(anonymous_2)
FN:24,(anonymous_3)
FN:38,(anonymous_4)
FN:43,(anonymous_5)
FN:68,(anonymous_6)
FN:79,(anonymous_7)
FN:84,(anonymous_8)
FN:87,(anonymous_9)
FN:93,(anonymous_10)
FN:99,(anonymous_11)
FN:109,(anonymous_12)
FN:118,(anonymous_13)
FN:126,(anonymous_14)
FN:141,(anonymous_15)
FN:152,(anonymous_16)
FN:161,(anonymous_17)
FN:163,(anonymous_18)
FN:174,(anonymous_19)
FN:178,(anonymous_20)
FN:185,(anonymous_21)
FN:194,(anonymous_22)
FN:202,(anonymous_23)
FN:207,(anonymous_24)
FNF:25
FNH:16
FNDA:23,requireAuth
FNDA:0,(anonymous_1)
FNDA:0,(anonymous_2)
FNDA:4,(anonymous_3)
FNDA:4,(anonymous_4)
FNDA:8,(anonymous_5)
FNDA:5,(anonymous_6)
FNDA:4,(anonymous_7)
FNDA:3,(anonymous_8)
FNDA:9,(anonymous_9)
FNDA:3,(anonymous_10)
FNDA:9,(anonymous_11)
FNDA:0,(anonymous_12)
FNDA:0,(anonymous_13)
FNDA:5,(anonymous_14)
FNDA:3,(anonymous_15)
FNDA:0,(anonymous_16)
FNDA:0,(anonymous_17)
FNDA:0,(anonymous_18)
FNDA:0,(anonymous_19)
FNDA:0,(anonymous_20)
FNDA:2,(anonymous_21)
FNDA:1,(anonymous_22)
FNDA:3,(anonymous_23)
FNDA:1,(anonymous_24)
DA:1,1
DA:2,1
DA:3,1
DA:4,1
DA:8,23
DA:9,19
DA:13,1
DA:14,0
DA:17,0
DA:18,0
DA:24,1
DA:25,4
DA:27,4
DA:29,4
DA:39,4
DA:41,3
DA:42,3
DA:43,3
DA:44,8
DA:45,8
DA:46,4
DA:52,8
DA:53,8
DA:61,3
DA:68,1
DA:69,5
DA:70,5
DA:71,5
DA:73,5
DA:76,4
DA:80,4
DA:81,4
DA:84,3
DA:85,3
DA:87,9
DA:88,3
DA:90,3
DA:94,3
DA:96,3
DA:99,9
DA:109,1
DA:110,0
DA:111,0
DA:112,0
DA:113,0
DA:115,0
DA:119,0
DA:120,0
DA:126,1
DA:127,5
DA:128,5
DA:129,5
DA:130,5
DA:132,4
DA:133,4
DA:134,4
DA:135,4
DA:137,3
DA:138,3
DA:142,3
DA:143,3
DA:152,1
DA:153,0
DA:154,0
DA:155,0
DA:157,0
DA:160,0
DA:161,0
DA:162,0
DA:163,0
DA:164,0
DA:165,0
DA:166,0
DA:170,0
DA:173,0
DA:174,0
DA:175,0
DA:178,0
DA:181,0
DA:185,1
DA:186,2
DA:187,2
DA:188,2
DA:189,2
DA:191,1
DA:195,1
DA:196,1
DA:202,1
DA:203,3
DA:204,3
DA:205,3
DA:207,1
DA:208,1
DA:209,1
DA:213,1
LF:95
LH:68
BRDA:8,0,0,4
BRDA:8,0,1,19
BRDA:17,1,0,0
BRDA:17,1,1,0
BRDA:39,2,0,1
BRDA:39,2,1,3
BRDA:44,3,0,8
BRDA:44,3,1,0
BRDA:45,4,0,4
BRDA:45,4,1,4
BRDA:47,5,0,4
BRDA:47,5,1,4
BRDA:52,6,0,0
BRDA:52,6,1,8
BRDA:55,7,0,8
BRDA:55,7,1,0
BRDA:55,7,2,0
BRDA:56,8,0,8
BRDA:56,8,1,0
BRDA:57,9,0,8
BRDA:57,9,1,7
BRDA:70,10,0,5
BRDA:70,10,1,4
BRDA:73,11,0,1
BRDA:73,11,1,4
BRDA:80,12,0,0
BRDA:80,12,1,4
BRDA:81,13,0,1
BRDA:81,13,1,3
BRDA:85,14,0,0
BRDA:85,14,1,3
BRDA:88,15,0,0
BRDA:88,15,1,3
BRDA:94,16,0,0
BRDA:94,16,1,3
BRDA:113,17,0,0
BRDA:113,17,1,0
BRDA:117,18,0,0
BRDA:117,18,1,0
BRDA:119,19,0,0
BRDA:119,19,1,0
BRDA:130,20,0,1
BRDA:130,20,1,4
BRDA:133,21,0,4
BRDA:133,21,1,1
BRDA:135,22,0,1
BRDA:135,22,1,3
BRDA:137,23,0,1
BRDA:137,23,1,2
BRDA:142,24,0,0
BRDA:142,24,1,3
BRDA:155,25,0,0
BRDA:155,25,1,0
BRDA:162,26,0,0
BRDA:162,26,1,0
BRDA:165,27,0,0
BRDA:165,27,1,0
BRDA:165,28,0,0
BRDA:165,28,1,0
BRDA:166,29,0,0
BRDA:166,29,1,0
BRDA:166,29,2,0
BRDA:166,30,0,0
BRDA:166,30,1,0
BRDA:170,31,0,0
BRDA:170,31,1,0
BRDA:178,32,0,0
BRDA:178,32,1,0
BRDA:188,33,0,2
BRDA:188,33,1,0
BRDA:189,34,0,1
BRDA:189,34,1,1
BRDA:195,35,0,0
BRDA:195,35,1,1
BRDA:205,36,0,2
BRDA:205,36,1,1
BRDA:208,37,0,0
BRDA:208,37,1,1
BRF:78
BRH:40
end_of_record
TN:
SF:routes\contact.js
FN:30,sendDiscord
FN:58,(anonymous_1)
FN:68,(anonymous_2)
FNF:3
FNH:0
FNDA:0,sendDiscord
FNDA:0,(anonymous_1)
FNDA:0,(anonymous_2)
DA:7,0
DA:8,0
DA:9,0
DA:10,0
DA:13,0
DA:19,0
DA:31,0
DA:32,0
DA:33,0
DA:47,0
DA:48,0
DA:54,0
DA:58,0
DA:59,0
DA:61,0
DA:62,0
DA:65,0
DA:69,0
DA:71,0
DA:72,0
DA:73,0
DA:75,0
DA:80,0
LF:23
LH:0
BRDA:31,0,0,0
BRDA:31,0,1,0
BRDA:38,1,0,0
BRDA:38,1,1,0
BRDA:39,2,0,0
BRDA:39,2,1,0
BRDA:40,3,0,0
BRDA:40,3,1,0
BRDA:41,4,0,0
BRDA:41,4,1,0
BRDA:42,5,0,0
BRDA:42,5,1,0
BRDA:61,6,0,0
BRDA:61,6,1,0
BRDA:61,7,0,0
BRDA:61,7,1,0
BRDA:61,7,2,0
BRDA:67,8,0,0
BRDA:67,8,1,0
BRDA:67,9,0,0
BRDA:67,9,1,0
BRDA:69,10,0,0
BRDA:69,10,1,0
BRDA:71,11,0,0
BRDA:71,11,1,0
BRDA:72,12,0,0
BRDA:72,12,1,0
BRF:27
BRH:0
end_of_record
TN:
SF:routes\deadlines.js
FN:6,requireAuth
FN:14,(anonymous_1)
FN:17,(anonymous_2)
FN:19,(anonymous_3)
FN:21,(anonymous_4)
FN:23,(anonymous_5)
FN:26,(anonymous_6)
FN:27,(anonymous_7)
FN:33,(anonymous_8)
FN:37,(anonymous_9)
FN:39,(anonymous_10)
FN:41,(anonymous_11)
FN:43,(anonymous_12)
FN:46,(anonymous_13)
FN:47,(anonymous_14)
FN:52,(anonymous_15)
FN:69,(anonymous_16)
FN:77,(anonymous_17)
FN:96,(anonymous_18)
FN:104,(anonymous_19)
FN:108,(anonymous_20)
FNF:21
FNH:0
FNDA:0,requireAuth
FNDA:0,(anonymous_1)
FNDA:0,(anonymous_2)
FNDA:0,(anonymous_3)
FNDA:0,(anonymous_4)
FNDA:0,(anonymous_5)
FNDA:0,(anonymous_6)
FNDA:0,(anonymous_7)
FNDA:0,(anonymous_8)
FNDA:0,(anonymous_9)
FNDA:0,(anonymous_10)
FNDA:0,(anonymous_11)
FNDA:0,(anonymous_12)
FNDA:0,(anonymous_13)
FNDA:0,(anonymous_14)
FNDA:0,(anonymous_15)
FNDA:0,(anonymous_16)
FNDA:0,(anonymous_17)
FNDA:0,(anonymous_18)
FNDA:0,(anonymous_19)
FNDA:0,(anonymous_20)
DA:1,0
DA:2,0
DA:3,0
DA:4,0
DA:7,0
DA:8,0
DA:11,0
DA:14,0
DA:15,0
DA:16,0
DA:17,0
DA:19,0
DA:21,0
DA:23,0
DA:26,0
DA:27,0
DA:28,0
DA:33,0
DA:34,0
DA:35,0
DA:36,0
DA:37,0
DA:39,0
DA:41,0
DA:43,0
DA:46,0
DA:47,0
DA:52,0
DA:53,0
DA:54,0
DA:55,0
DA:57,0
DA:70,0
DA:71,0
DA:77,0
DA:78,0
DA:79,0
DA:80,0
DA:81,0
DA:83,0
DA:97,0
DA:98,0
DA:104,0
DA:105,0
DA:106,0
DA:107,0
DA:108,0
DA:109,0
DA:110,0
DA:114,0
LF:50
LH:0
BRDA:7,0,0,0
BRDA:7,0,1,0
BRDA:19,1,0,0
BRDA:19,1,1,0
BRDA:23,2,0,0
BRDA:23,2,1,0
BRDA:35,3,0,0
BRDA:35,3,1,0
BRDA:39,4,0,0
BRDA:39,4,1,0
BRDA:43,5,0,0
BRDA:43,5,1,0
BRDA:55,6,0,0
BRDA:55,6,1,0
BRDA:55,7,0,0
BRDA:55,7,1,0
BRDA:63,8,0,0
BRDA:63,8,1,0
BRDA:64,9,0,0
BRDA:64,9,1,0
BRDA:64,10,0,0
BRDA:64,10,1,0
BRDA:65,11,0,0
BRDA:65,11,1,0
BRDA:65,12,0,0
BRDA:65,12,1,0
BRDA:66,13,0,0
BRDA:66,13,1,0
BRDA:66,14,0,0
BRDA:66,14,1,0
BRDA:67,15,0,0
BRDA:67,15,1,0
BRDA:70,16,0,0
BRDA:70,16,1,0
BRDA:80,17,0,0
BRDA:80,17,1,0
BRDA:86,18,0,0
BRDA:86,18,1,0
BRDA:88,19,0,0
BRDA:88,19,1,0
BRDA:89,20,0,0
BRDA:89,20,1,0
BRDA:89,21,0,0
BRDA:89,21,1,0
BRDA:90,22,0,0
BRDA:90,22,1,0
BRDA:90,23,0,0
BRDA:90,23,1,0
BRDA:91,24,0,0
BRDA:91,24,1,0
BRDA:91,25,0,0
BRDA:91,25,1,0
BRDA:92,26,0,0
BRDA:92,26,1,0
BRDA:93,27,0,0
BRDA:93,27,1,0
BRDA:97,28,0,0
BRDA:97,28,1,0
BRDA:107,29,0,0
BRDA:107,29,1,0
BRDA:109,30,0,0
BRDA:109,30,1,0
BRF:62
BRH:0
end_of_record
TN:
SF:routes\diagnosis.js
FN:13,(anonymous_0)
FN:16,(anonymous_1)
FN:24,(anonymous_2)
FN:27,(anonymous_3)
FN:35,(anonymous_4)
FN:38,(anonymous_5)
FN:46,(anonymous_6)
FN:47,(anonymous_7)
FN:50,(anonymous_8)
FN:56,(anonymous_9)
FN:71,(anonymous_10)
FNF:11
FNH:11
FNDA:3,(anonymous_0)
FNDA:3,(anonymous_1)
FNDA:1,(anonymous_2)
FNDA:1,(anonymous_3)
FNDA:1,(anonymous_4)
FNDA:1,(anonymous_5)
FNDA:3,(anonymous_6)
FNDA:3,(anonymous_7)
FNDA:5,(anonymous_8)
FNDA:3,(anonymous_9)
FNDA:4,(anonymous_10)
DA:7,1
DA:8,1
DA:9,1
DA:10,1
DA:13,1
DA:14,3
DA:17,3
DA:18,2
DA:24,1
DA:25,1
DA:28,1
DA:29,1
DA:35,1
DA:36,1
DA:39,1
DA:40,1
DA:46,1
DA:47,3
DA:48,3
DA:49,2
DA:50,5
DA:51,2
DA:56,1
DA:57,3
DA:59,3
DA:71,3
DA:72,4
DA:75,3
DA:87,3
DA:88,3
DA:93,2
DA:95,1
DA:96,1
DA:100,1
LF:34
LH:34
BRDA:17,0,0,1
BRDA:17,0,1,2
BRDA:28,1,0,0
BRDA:28,1,1,1
BRDA:39,2,0,0
BRDA:39,2,1,1
BRDA:48,3,0,1
BRDA:48,3,1,2
BRDA:60,4,0,3
BRDA:60,4,1,0
BRDA:61,5,0,3
BRDA:61,5,1,0
BRDA:62,6,0,3
BRDA:62,6,1,0
BRDA:63,7,0,3
BRDA:63,7,1,3
BRDA:64,8,0,3
BRDA:64,8,1,0
BRDA:65,9,0,3
BRDA:65,9,1,0
BRDA:66,10,0,3
BRDA:66,10,1,0
BRDA:67,11,0,3
BRDA:67,11,1,0
BRDA:68,12,0,3
BRDA:68,12,1,3
BRF:26
BRH:17
end_of_record
TN:
SF:routes\experiences.js
FN:13,(anonymous_0)
FN:28,(anonymous_1)
FN:40,(anonymous_2)
FN:50,(anonymous_3)
FN:53,(anonymous_4)
FN:55,(anonymous_5)
FN:61,(anonymous_6)
FN:65,(anonymous_7)
FN:75,(anonymous_8)
FN:112,(anonymous_9)
FN:152,(anonymous_10)
FN:157,(anonymous_11)
FN:171,(anonymous_12)
FN:178,(anonymous_13)
FNF:14
FNH:0
FNDA:0,(anonymous_0)
FNDA:0,(anonymous_1)
FNDA:0,(anonymous_2)
FNDA:0,(anonymous_3)
FNDA:0,(anonymous_4)
FNDA:0,(anonymous_5)
FNDA:0,(anonymous_6)
FNDA:0,(anonymous_7)
FNDA:0,(anonymous_8)
FNDA:0,(anonymous_9)
FNDA:0,(anonymous_10)
FNDA:0,(anonymous_11)
FNDA:0,(anonymous_12)
FNDA:0,(anonymous_13)
DA:7,0
DA:8,0
DA:9,0
DA:10,0
DA:13,0
DA:14,0
DA:15,0
DA:16,0
DA:17,0
DA:18,0
DA:19,0
DA:20,0
DA:23,0
DA:25,0
DA:29,0
DA:30,0
DA:31,0
DA:41,0
DA:42,0
DA:50,0
DA:51,0
DA:54,0
DA:55,0
DA:61,0
DA:62,0
DA:66,0
DA:67,0
DA:68,0
DA:69,0
DA:75,0
DA:87,0
DA:88,0
DA:89,0
DA:91,0
DA:92,0
DA:93,0
DA:94,0
DA:98,0
DA:113,0
DA:115,0
DA:136,0
DA:137,0
DA:143,0
DA:146,0
DA:152,0
DA:153,0
DA:154,0
DA:158,0
DA:159,0
DA:160,0
DA:165,0
DA:171,0
DA:172,0
DA:173,0
DA:175,0
DA:179,0
DA:181,0
DA:209,0
DA:210,0
DA:216,0
DA:219,0
DA:224,0
LF:62
LH:0
BRDA:14,0,0,0
BRDA:14,0,1,0
BRDA:17,1,0,0
BRDA:17,1,1,0
BRDA:18,2,0,0
BRDA:18,2,1,0
BRDA:19,3,0,0
BRDA:19,3,1,0
BRDA:20,4,0,0
BRDA:20,4,1,0
BRDA:23,5,0,0
BRDA:23,5,1,0
BRDA:29,6,0,0
BRDA:29,6,1,0
BRDA:41,7,0,0
BRDA:41,7,1,0
BRDA:54,8,0,0
BRDA:54,8,1,0
BRDA:66,9,0,0
BRDA:66,9,1,0
BRDA:67,10,0,0
BRDA:67,10,1,0
BRDA:88,11,0,0
BRDA:88,11,1,0
BRDA:88,12,0,0
BRDA:88,12,1,0
BRDA:88,12,2,0
BRDA:88,12,3,0
BRDA:88,12,4,0
BRDA:91,13,0,0
BRDA:91,13,1,0
BRDA:93,14,0,0
BRDA:93,14,1,0
BRDA:103,15,0,0
BRDA:103,15,1,0
BRDA:105,16,0,0
BRDA:105,16,1,0
BRDA:108,17,0,0
BRDA:108,17,1,0
BRDA:109,18,0,0
BRDA:109,18,1,0
BRDA:110,19,0,0
BRDA:110,19,1,0
BRDA:113,20,0,0
BRDA:113,20,1,0
BRDA:122,21,0,0
BRDA:122,21,1,0
BRDA:128,22,0,0
BRDA:128,22,1,0
BRDA:158,23,0,0
BRDA:158,23,1,0
BRDA:159,24,0,0
BRDA:159,24,1,0
BRDA:173,25,0,0
BRDA:173,25,1,0
BRDA:179,26,0,0
BRDA:179,26,1,0
BRDA:190,27,0,0
BRDA:190,27,1,0
BRDA:195,28,0,0
BRDA:195,28,1,0
BRF:61
BRH:0
end_of_record
TN:
SF:routes\logo.js
FN:12,(anonymous_0)
FNF:1
FNH:0
FNDA:0,(anonymous_0)
DA:7,0
DA:8,0
DA:9,0
DA:10,0
DA:12,0
DA:13,0
DA:14,0
DA:15,0
DA:16,0
DA:17,0
DA:18,0
DA:21,0
DA:24,0
LF:13
LH:0
BRDA:17,0,0,0
BRDA:17,0,1,0
BRF:2
BRH:0
end_of_record
TN:
SF:routes\notices.js
FN:12,(anonymous_0)
FN:15,(anonymous_1)
FN:23,(anonymous_2)
FN:27,(anonymous_3)
FN:33,(anonymous_4)
FNF:5
FNH:0
FNDA:0,(anonymous_0)
FNDA:0,(anonymous_1)
FNDA:0,(anonymous_2)
FNDA:0,(anonymous_3)
FNDA:0,(anonymous_4)
DA:7,0
DA:8,0
DA:9,0
DA:12,0
DA:13,0
DA:16,0
DA:17,0
DA:23,0
DA:24,0
DA:25,0
DA:26,0
DA:27,0
DA:28,0
DA:29,0
DA:30,0
DA:34,0
DA:35,0
DA:41,0
LF:18
LH:0
BRDA:16,0,0,0
BRDA:16,0,1,0
BRDA:24,1,0,0
BRDA:24,1,1,0
BRDA:28,2,0,0
BRDA:28,2,1,0
BRDA:34,3,0,0
BRDA:34,3,1,0
BRF:8
BRH:0
end_of_record
TN:
SF:routes\ranking.js
FN:11,getPeriodFilter
FN:21,getFavPeriodFilter
FN:32,(anonymous_2)
FN:43,(anonymous_3)
FN:50,(anonymous_4)
FN:66,(anonymous_5)
FN:80,(anonymous_6)
FN:88,(anonymous_7)
FN:104,(anonymous_8)
FN:118,(anonymous_9)
FN:126,(anonymous_10)
FN:142,(anonymous_11)
FN:156,(anonymous_12)
FNF:13
FNH:0
FNDA:0,getPeriodFilter
FNDA:0,getFavPeriodFilter
FNDA:0,(anonymous_2)
FNDA:0,(anonymous_3)
FNDA:0,(anonymous_4)
FNDA:0,(anonymous_5)
FNDA:0,(anonymous_6)
FNDA:0,(anonymous_7)
FNDA:0,(anonymous_8)
FNDA:0,(anonymous_9)
FNDA:0,(anonymous_10)
FNDA:0,(anonymous_11)
FNDA:0,(anonymous_12)
DA:7,0
DA:8,0
DA:9,0
DA:12,0
DA:13,0
DA:14,0
DA:15,0
DA:16,0
DA:17,0
DA:22,0
DA:23,0
DA:24,0
DA:25,0
DA:26,0
DA:27,0
DA:32,0
DA:33,0
DA:34,0
DA:35,0
DA:44,0
DA:45,0
DA:50,0
DA:51,0
DA:52,0
DA:53,0
DA:67,0
DA:68,0
DA:71,0
DA:72,0
DA:81,0
DA:82,0
DA:88,0
DA:89,0
DA:90,0
DA:91,0
DA:105,0
DA:106,0
DA:109,0
DA:110,0
DA:119,0
DA:120,0
DA:126,0
DA:127,0
DA:128,0
DA:129,0
DA:143,0
DA:144,0
DA:147,0
DA:148,0
DA:157,0
DA:158,0
DA:163,0
LF:52
LH:0
BRDA:12,0,0,0
BRDA:12,0,1,0
BRDA:12,0,2,0
BRDA:12,0,3,0
BRDA:12,0,4,0
BRDA:22,1,0,0
BRDA:22,1,1,0
BRDA:22,1,2,0
BRDA:22,1,3,0
BRDA:22,1,4,0
BRDA:33,2,0,0
BRDA:33,2,1,0
BRDA:44,3,0,0
BRDA:44,3,1,0
BRDA:51,4,0,0
BRDA:51,4,1,0
BRDA:52,5,0,0
BRDA:52,5,1,0
BRDA:67,6,0,0
BRDA:67,6,1,0
BRDA:81,7,0,0
BRDA:81,7,1,0
BRDA:89,8,0,0
BRDA:89,8,1,0
BRDA:90,9,0,0
BRDA:90,9,1,0
BRDA:105,10,0,0
BRDA:105,10,1,0
BRDA:119,11,0,0
BRDA:119,11,1,0
BRDA:127,12,0,0
BRDA:127,12,1,0
BRDA:128,13,0,0
BRDA:128,13,1,0
BRDA:143,14,0,0
BRDA:143,14,1,0
BRDA:157,15,0,0
BRDA:157,15,1,0
BRF:38
BRH:0
end_of_record
TN:
SF:routes\recommend.js
FN:6,requireAuth
FN:12,scoreUniversity
FN:64,(anonymous_2)
FN:69,(anonymous_3)
FN:69,(anonymous_4)
FN:70,(anonymous_5)
FN:70,(anonymous_6)
FN:74,(anonymous_7)
FN:83,(anonymous_8)
FN:86,(anonymous_9)
FN:89,(anonymous_10)
FN:97,(anonymous_11)
FN:117,(anonymous_12)
FNF:13
FNH:0
FNDA:0,requireAuth
FNDA:0,scoreUniversity
FNDA:0,(anonymous_2)
FNDA:0,(anonymous_3)
FNDA:0,(anonymous_4)
FNDA:0,(anonymous_5)
FNDA:0,(anonymous_6)
FNDA:0,(anonymous_7)
FNDA:0,(anonymous_8)
FNDA:0,(anonymous_9)
FNDA:0,(anonymous_10)
FNDA:0,(anonymous_11)
FNDA:0,(anonymous_12)
DA:1,0
DA:2,0
DA:3,0
DA:4,0
DA:7,0
DA:8,0
DA:13,0
DA:16,0
DA:17,0
DA:21,0
DA:22,0
DA:23,0
DA:24,0
DA:25,0
DA:26,0
DA:27,0
DA:28,0
DA:32,0
DA:33,0
DA:34,0
DA:35,0
DA:36,0
DA:37,0
DA:38,0
DA:39,0
DA:40,0
DA:44,0
DA:45,0
DA:46,0
DA:50,0
DA:51,0
DA:52,0
DA:53,0
DA:54,0
DA:55,0
DA:57,0
DA:60,0
DA:64,0
DA:65,0
DA:66,0
DA:68,0
DA:69,0
DA:70,0
DA:73,0
DA:74,0
DA:76,0
DA:84,0
DA:86,0
DA:89,0
DA:91,0
DA:97,0
DA:98,0
DA:99,0
DA:101,0
DA:118,0
DA:119,0
DA:124,0
LF:57
LH:0
BRDA:7,0,0,0
BRDA:7,0,1,0
BRDA:16,1,0,0
BRDA:16,1,1,0
BRDA:16,2,0,0
BRDA:16,2,1,0
BRDA:17,3,0,0
BRDA:17,3,1,0
BRDA:21,4,0,0
BRDA:21,4,1,0
BRDA:21,5,0,0
BRDA:21,5,1,0
BRDA:22,6,0,0
BRDA:22,6,1,0
BRDA:23,7,0,0
BRDA:23,7,1,0
BRDA:25,8,0,0
BRDA:25,8,1,0
BRDA:27,9,0,0
BRDA:27,9,1,0
BRDA:28,10,0,0
BRDA:28,10,1,0
BRDA:32,11,0,0
BRDA:32,11,1,0
BRDA:32,12,0,0
BRDA:32,12,1,0
BRDA:34,13,0,0
BRDA:34,13,1,0
BRDA:35,14,0,0
BRDA:35,14,1,0
BRDA:36,15,0,0
BRDA:36,15,1,0
BRDA:37,16,0,0
BRDA:37,16,1,0
BRDA:39,17,0,0
BRDA:39,17,1,0
BRDA:39,18,0,0
BRDA:39,18,1,0
BRDA:40,19,0,0
BRDA:40,19,1,0
BRDA:44,20,0,0
BRDA:44,20,1,0
BRDA:45,21,0,0
BRDA:45,21,1,0
BRDA:46,22,0,0
BRDA:46,22,1,0
BRDA:50,23,0,0
BRDA:50,23,1,0
BRDA:50,24,0,0
BRDA:50,24,1,0
BRDA:51,25,0,0
BRDA:51,25,1,0
BRDA:52,26,0,0
BRDA:52,26,1,0
BRDA:53,27,0,0
BRDA:53,27,1,0
BRDA:53,28,0,0
BRDA:53,28,1,0
BRDA:54,29,0,0
BRDA:54,29,1,0
BRDA:55,30,0,0
BRDA:55,30,1,0
BRDA:66,31,0,0
BRDA:66,31,1,0
BRDA:69,32,0,0
BRDA:69,32,1,0
BRDA:70,33,0,0
BRDA:70,33,1,0
BRDA:84,34,0,0
BRDA:84,34,1,0
BRDA:109,35,0,0
BRDA:109,35,1,0
BRDA:110,36,0,0
BRDA:110,36,1,0
BRDA:111,37,0,0
BRDA:111,37,1,0
BRDA:111,38,0,0
BRDA:111,38,1,0
BRDA:112,39,0,0
BRDA:112,39,1,0
BRDA:113,40,0,0
BRDA:113,40,1,0
BRDA:114,41,0,0
BRDA:114,41,1,0
BRDA:115,42,0,0
BRDA:115,42,1,0
BRDA:118,43,0,0
BRDA:118,43,1,0
BRF:88
BRH:0
end_of_record
TN:
SF:routes\scholarships.js
FN:12,getTodayJST
FN:19,getOneMonthBefore
FN:27,calcStatus
FN:41,(anonymous_3)
FN:42,(anonymous_4)
FN:49,(anonymous_5)
FN:53,(anonymous_6)
FN:61,(anonymous_7)
FN:67,(anonymous_8)
FN:70,(anonymous_9)
FN:78,(anonymous_10)
FN:83,(anonymous_11)
FN:91,(anonymous_12)
FN:97,(anonymous_13)
FN:104,(anonymous_14)
FN:113,(anonymous_15)
FN:115,(anonymous_16)
FN:120,(anonymous_17)
FN:129,(anonymous_18)
FN:131,(anonymous_19)
FN:138,calcIntlStatus
FN:149,buildIntlQuery
FN:172,(anonymous_22)
FN:174,(anonymous_23)
FN:176,(anonymous_24)
FN:181,(anonymous_25)
FN:183,(anonymous_26)
FN:185,(anonymous_27)
FN:190,(anonymous_28)
FN:200,(anonymous_29)
FNF:30
FNH:0
FNDA:0,getTodayJST
FNDA:0,getOneMonthBefore
FNDA:0,calcStatus
FNDA:0,(anonymous_3)
FNDA:0,(anonymous_4)
FNDA:0,(anonymous_5)
FNDA:0,(anonymous_6)
FNDA:0,(anonymous_7)
FNDA:0,(anonymous_8)
FNDA:0,(anonymous_9)
FNDA:0,(anonymous_10)
FNDA:0,(anonymous_11)
FNDA:0,(anonymous_12)
FNDA:0,(anonymous_13)
FNDA:0,(anonymous_14)
FNDA:0,(anonymous_15)
FNDA:0,(anonymous_16)
FNDA:0,(anonymous_17)
FNDA:0,(anonymous_18)
FNDA:0,(anonymous_19)
FNDA:0,calcIntlStatus
FNDA:0,buildIntlQuery
FNDA:0,(anonymous_22)
FNDA:0,(anonymous_23)
FNDA:0,(anonymous_24)
FNDA:0,(anonymous_25)
FNDA:0,(anonymous_26)
FNDA:0,(anonymous_27)
FNDA:0,(anonymous_28)
FNDA:0,(anonymous_29)
DA:7,0
DA:8,0
DA:9,0
DA:13,0
DA:14,0
DA:15,0
DA:16,0
DA:20,0
DA:21,0
DA:22,0
DA:23,0
DA:24,0
DA:28,0
DA:29,0
DA:30,0
DA:31,0
DA:32,0
DA:33,0
DA:34,0
DA:35,0
DA:36,0
DA:37,0
DA:41,0
DA:42,0
DA:43,0
DA:44,0
DA:49,0
DA:50,0
DA:54,0
DA:55,0
DA:61,0
DA:62,0
DA:63,0
DA:64,0
DA:68,0
DA:69,0
DA:70,0
DA:72,0
DA:78,0
DA:79,0
DA:80,0
DA:84,0
DA:85,0
DA:91,0
DA:92,0
DA:98,0
DA:99,0
DA:104,0
DA:105,0
DA:106,0
DA:107,0
DA:108,0
DA:109,0
DA:114,0
DA:115,0
DA:120,0
DA:121,0
DA:122,0
DA:123,0
DA:124,0
DA:125,0
DA:130,0
DA:131,0
DA:139,0
DA:140,0
DA:141,0
DA:142,0
DA:143,0
DA:144,0
DA:145,0
DA:150,0
DA:151,0
DA:152,0
DA:153,0
DA:155,0
DA:156,0
DA:163,0
DA:164,0
DA:165,0
DA:167,0
DA:168,0
DA:172,0
DA:173,0
DA:174,0
DA:175,0
DA:176,0
DA:181,0
DA:182,0
DA:183,0
DA:184,0
DA:185,0
DA:190,0
DA:191,0
DA:192,0
DA:193,0
DA:194,0
DA:195,0
DA:201,0
DA:202,0
DA:206,0
LF:100
LH:0
BRDA:23,0,0,0
BRDA:23,0,1,0
BRDA:28,1,0,0
BRDA:28,1,1,0
BRDA:35,2,0,0
BRDA:35,2,1,0
BRDA:36,3,0,0
BRDA:36,3,1,0
BRDA:43,4,0,0
BRDA:43,4,1,0
BRDA:54,5,0,0
BRDA:54,5,1,0
BRDA:63,6,0,0
BRDA:63,6,1,0
BRDA:68,7,0,0
BRDA:68,7,1,0
BRDA:69,8,0,0
BRDA:69,8,1,0
BRDA:84,9,0,0
BRDA:84,9,1,0
BRDA:98,10,0,0
BRDA:98,10,1,0
BRDA:105,11,0,0
BRDA:105,11,1,0
BRDA:106,12,0,0
BRDA:106,12,1,0
BRDA:107,13,0,0
BRDA:107,13,1,0
BRDA:108,14,0,0
BRDA:108,14,1,0
BRDA:114,15,0,0
BRDA:114,15,1,0
BRDA:121,16,0,0
BRDA:121,16,1,0
BRDA:122,17,0,0
BRDA:122,17,1,0
BRDA:123,18,0,0
BRDA:123,18,1,0
BRDA:124,19,0,0
BRDA:124,19,1,0
BRDA:130,20,0,0
BRDA:130,20,1,0
BRDA:139,21,0,0
BRDA:139,21,1,0
BRDA:142,22,0,0
BRDA:142,22,1,0
BRDA:143,23,0,0
BRDA:143,23,1,0
BRDA:144,24,0,0
BRDA:144,24,1,0
BRDA:150,25,0,0
BRDA:150,25,1,0
BRDA:151,26,0,0
BRDA:151,26,1,0
BRDA:152,27,0,0
BRDA:152,27,1,0
BRDA:153,28,0,0
BRDA:153,28,1,0
BRDA:163,29,0,0
BRDA:163,29,1,0
BRDA:175,30,0,0
BRDA:175,30,1,0
BRDA:184,31,0,0
BRDA:184,31,1,0
BRDA:191,32,0,0
BRDA:191,32,1,0
BRDA:192,33,0,0
BRDA:192,33,1,0
BRDA:193,34,0,0
BRDA:193,34,1,0
BRDA:194,35,0,0
BRDA:194,35,1,0
BRDA:201,36,0,0
BRDA:201,36,1,0
BRF:74
BRH:0
end_of_record
TN:
SF:routes\simulator.js
FN:7,(anonymous_0)
FN:10,(anonymous_1)
FN:18,(anonymous_2)
FN:21,(anonymous_3)
FN:24,(anonymous_4)
FN:30,(anonymous_5)
FN:44,(anonymous_6)
FN:48,(anonymous_7)
FN:73,(anonymous_8)
FNF:9
FNH:7
FNDA:0,(anonymous_0)
FNDA:0,(anonymous_1)
FNDA:4,(anonymous_2)
FNDA:4,(anonymous_3)
FNDA:4,(anonymous_4)
FNDA:9,(anonymous_5)
FNDA:9,(anonymous_6)
FNDA:24,(anonymous_7)
FNDA:26,(anonymous_8)
DA:1,1
DA:2,1
DA:3,1
DA:4,1
DA:7,1
DA:8,0
DA:11,0
DA:12,0
DA:18,1
DA:20,4
DA:21,4
DA:22,4
DA:23,3
DA:24,4
DA:25,3
DA:30,1
DA:36,9
DA:38,9
DA:39,9
DA:40,9
DA:41,9
DA:44,9
DA:45,9
DA:47,8
DA:48,24
DA:51,8
DA:53,8
DA:54,8
DA:55,8
DA:57,8
DA:58,8
DA:59,8
DA:61,8
DA:62,8
DA:63,8
DA:64,8
DA:65,8
DA:68,8
DA:73,26
DA:85,1
LF:40
LH:37
BRDA:11,0,0,0
BRDA:11,0,1,0
BRDA:22,1,0,1
BRDA:22,1,1,3
BRDA:32,2,0,0
BRDA:34,3,0,7
BRDA:38,4,0,9
BRDA:38,4,1,0
BRDA:39,5,0,9
BRDA:39,5,1,3
BRDA:40,6,0,9
BRDA:40,6,1,7
BRDA:41,7,0,9
BRDA:41,7,1,0
BRDA:45,8,0,1
BRDA:45,8,1,8
BRDA:51,9,0,1
BRDA:51,9,1,7
BRDA:53,10,0,8
BRDA:53,10,1,0
BRDA:53,10,2,0
BRDA:54,11,0,8
BRDA:54,11,1,0
BRDA:54,11,2,0
BRDA:54,11,3,0
BRDA:55,12,0,8
BRDA:55,12,1,6
BRDA:55,12,2,0
BRDA:55,12,3,0
BRF:29
BRH:17
end_of_record
TN:
SF:routes\support.js
FN:12,(anonymous_0)
FN:15,(anonymous_1)
FNF:2
FNH:0
FNDA:0,(anonymous_0)
FNDA:0,(anonymous_1)
DA:7,0
DA:8,0
DA:9,0
DA:12,0
DA:13,0
DA:16,0
DA:17,0
DA:22,0
LF:8
LH:0
BRDA:16,0,0,0
BRDA:16,0,1,0
BRF:2
BRH:0
end_of_record
TN:
SF:routes\supporter.js
FN:23,(anonymous_0)
FN:63,(anonymous_1)
FN:72,(anonymous_2)
FNF:3
FNH:0
FNDA:0,(anonymous_0)
FNDA:0,(anonymous_1)
FNDA:0,(anonymous_2)
DA:7,0
DA:8,0
DA:9,0
DA:10,0
DA:13,0
DA:14,0
DA:15,0
DA:23,0
DA:24,0
DA:25,0
DA:28,0
DA:29,0
DA:30,0
DA:33,0
DA:34,0
DA:52,0
DA:54,0
DA:55,0
DA:63,0
DA:64,0
DA:65,0
DA:66,0
DA:69,0
DA:73,0
DA:76,0
DA:77,0
DA:78,0
DA:91,0
DA:92,0
DA:98,0
DA:102,0
DA:107,0
LF:32
LH:0
BRDA:14,0,0,0
BRDA:14,0,1,0
BRDA:24,1,0,0
BRDA:24,1,1,0
BRDA:29,2,0,0
BRDA:29,2,1,0
BRDA:29,3,0,0
BRDA:29,3,1,0
BRDA:48,4,0,0
BRDA:48,4,1,0
BRDA:49,5,0,0
BRDA:49,5,1,0
BRDA:65,6,0,0
BRDA:65,6,1,0
BRDA:65,7,0,0
BRDA:65,7,1,0
BRDA:65,7,2,0
BRDA:71,8,0,0
BRDA:71,8,1,0
BRDA:73,9,0,0
BRDA:73,9,1,0
BRDA:77,10,0,0
BRDA:77,10,1,0
BRDA:83,11,0,0
BRDA:83,11,1,0
BRDA:84,12,0,0
BRDA:84,12,1,0
BRDA:85,13,0,0
BRDA:85,13,1,0
BRDA:86,14,0,0
BRDA:86,14,1,0
BRF:31
BRH:0
end_of_record
TN:
SF:routes\templates.js
FN:12,(anonymous_0)
FN:15,(anonymous_1)
FNF:2
FNH:0
FNDA:0,(anonymous_0)
FNDA:0,(anonymous_1)
DA:7,0
DA:8,0
DA:9,0
DA:12,0
DA:13,0
DA:16,0
DA:17,0
DA:22,0
LF:8
LH:0
BRDA:16,0,0,0
BRDA:16,0,1,0
BRF:2
BRH:0
end_of_record
TN:
SF:routes\threads.js
FN:13,(anonymous_0)
FN:23,(anonymous_1)
FN:41,(anonymous_2)
FN:51,(anonymous_3)
FN:65,(anonymous_4)
FN:80,(anonymous_5)
FN:90,(anonymous_6)
FN:97,(anonymous_7)
FN:140,(anonymous_8)
FN:147,(anonymous_9)
FN:155,(anonymous_10)
FN:160,(anonymous_11)
FN:174,(anonymous_12)
FN:179,(anonymous_13)
FN:187,(anonymous_14)
FN:192,(anonymous_15)
FN:200,(anonymous_16)
FN:207,(anonymous_17)
FNF:18
FNH:0
FNDA:0,(anonymous_0)
FNDA:0,(anonymous_1)
FNDA:0,(anonymous_2)
FNDA:0,(anonymous_3)
FNDA:0,(anonymous_4)
FNDA:0,(anonymous_5)
FNDA:0,(anonymous_6)
FNDA:0,(anonymous_7)
FNDA:0,(anonymous_8)
FNDA:0,(anonymous_9)
FNDA:0,(anonymous_10)
FNDA:0,(anonymous_11)
FNDA:0,(anonymous_12)
FNDA:0,(anonymous_13)
FNDA:0,(anonymous_14)
FNDA:0,(anonymous_15)
FNDA:0,(anonymous_16)
FNDA:0,(anonymous_17)
DA:7,0
DA:8,0
DA:9,0
DA:10,0
DA:13,0
DA:14,0
DA:15,0
DA:16,0
DA:17,0
DA:18,0
DA:20,0
DA:24,0
DA:25,0
DA:26,0
DA:42,0
DA:43,0
DA:51,0
DA:52,0
DA:53,0
DA:56,0
DA:66,0
DA:67,0
DA:68,0
DA:69,0
DA:70,0
DA:81,0
DA:82,0
DA:90,0
DA:91,0
DA:92,0
DA:93,0
DA:94,0
DA:98,0
DA:100,0
DA:101,0
DA:124,0
DA:125,0
DA:131,0
DA:134,0
DA:140,0
DA:141,0
DA:142,0
DA:143,0
DA:144,0
DA:148,0
DA:149,0
DA:155,0
DA:156,0
DA:157,0
DA:161,0
DA:162,0
DA:163,0
DA:168,0
DA:174,0
DA:175,0
DA:176,0
DA:180,0
DA:181,0
DA:187,0
DA:188,0
DA:189,0
DA:193,0
DA:194,0
DA:200,0
DA:201,0
DA:202,0
DA:204,0
DA:208,0
DA:210,0
DA:211,0
DA:212,0
DA:214,0
DA:217,0
DA:246,0
DA:247,0
DA:253,0
DA:256,0
DA:261,0
LF:78
LH:0
BRDA:14,0,0,0
BRDA:14,0,1,0
BRDA:17,1,0,0
BRDA:17,1,1,0
BRDA:18,2,0,0
BRDA:18,2,1,0
BRDA:24,3,0,0
BRDA:24,3,1,0
BRDA:42,4,0,0
BRDA:42,4,1,0
BRDA:66,5,0,0
BRDA:66,5,1,0
BRDA:67,6,0,0
BRDA:67,6,1,0
BRDA:81,7,0,0
BRDA:81,7,1,0
BRDA:92,8,0,0
BRDA:92,8,1,0
BRDA:92,9,0,0
BRDA:92,9,1,0
BRDA:92,9,2,0
BRDA:98,10,0,0
BRDA:98,10,1,0
BRDA:100,11,0,0
BRDA:100,11,1,0
BRDA:111,12,0,0
BRDA:111,12,1,0
BRDA:142,13,0,0
BRDA:142,13,1,0
BRDA:142,14,0,0
BRDA:142,14,1,0
BRDA:148,15,0,0
BRDA:148,15,1,0
BRDA:161,16,0,0
BRDA:161,16,1,0
BRDA:162,17,0,0
BRDA:162,17,1,0
BRDA:180,18,0,0
BRDA:180,18,1,0
BRDA:193,19,0,0
BRDA:193,19,1,0
BRDA:202,20,0,0
BRDA:202,20,1,0
BRDA:208,21,0,0
BRDA:208,21,1,0
BRDA:211,22,0,0
BRDA:211,22,1,0
BRDA:225,23,0,0
BRDA:225,23,1,0
BRDA:231,24,0,0
BRDA:231,24,1,0
BRDA:236,25,0,0
BRDA:236,25,1,0
BRF:53
BRH:0
end_of_record
TN:
SF:services\backup.js
FN:11,runBackup
FN:24,(anonymous_1)
FN:36,cleanOldBackups
FN:40,(anonymous_3)
FN:41,(anonymous_4)
FN:53,listBackups
FN:56,(anonymous_6)
FN:57,(anonymous_7)
FN:62,(anonymous_8)
FN:67,(anonymous_9)
FNF:10
FNH:7
FNDA:5,runBackup
FNDA:3,(anonymous_1)
FNDA:2,cleanOldBackups
FNDA:0,(anonymous_3)
FNDA:0,(anonymous_4)
FNDA:5,listBackups
FNDA:10,(anonymous_6)
FNDA:7,(anonymous_7)
FNDA:8,(anonymous_8)
FNDA:0,(anonymous_9)
DA:1,1
DA:2,1
DA:3,1
DA:4,1
DA:6,1
DA:7,1
DA:9,1
DA:12,5
DA:13,5
DA:14,5
DA:16,5
DA:17,5
DA:18,2
DA:19,2
DA:20,2
DA:23,3
DA:24,3
DA:25,3
DA:26,1
DA:27,1
DA:28,1
DA:30,2
DA:31,2
DA:32,2
DA:37,2
DA:38,2
DA:39,2
DA:40,0
DA:42,0
DA:43,0
DA:44,0
DA:45,0
DA:49,0
DA:54,5
DA:55,5
DA:56,10
DA:58,7
DA:59,7
DA:60,7
DA:62,8
DA:63,1
DA:67,1
DA:69,1
LF:43
LH:37
BRDA:9,0,0,1
BRDA:9,0,1,0
BRDA:17,1,0,2
BRDA:17,1,1,3
BRDA:17,2,0,5
BRDA:17,2,1,4
BRDA:17,2,2,4
BRDA:17,2,3,3
BRDA:19,3,0,2
BRDA:19,3,1,0
BRDA:25,4,0,1
BRDA:25,4,1,2
BRDA:27,5,0,1
BRDA:27,5,1,0
BRDA:32,6,0,2
BRDA:32,6,1,0
BRDA:43,7,0,0
BRDA:43,7,1,0
BRF:18
BRH:12
end_of_record
